This file contains any messages produced by compilers while
running configure, to aid debugging if configure makes a mistake.

It was created by MPEG Audio Decoder configure 0.15.1b, which was
generated by GNU Autoconf 2.68.  Invocation command line was

  $ ./configure --no-create --no-recursion

## --------- ##
## Platform. ##
## --------- ##

hostname = pyy-M81
uname -m = x86_64
uname -r = 3.2.0-86-generic
uname -s = Linux
uname -v = #124-Ubuntu SMP Wed Jun 17 21:40:14 UTC 2015

/usr/bin/uname -p = unknown
/bin/uname -X     = unknown

/bin/arch              = unknown
/usr/bin/arch -k       = unknown
/usr/convex/getsysinfo = unknown
/usr/bin/hostinfo      = unknown
/bin/machine           = unknown
/usr/bin/oslevel       = unknown
/bin/universe          = unknown

PATH: /home/pyy/bin
PATH: /bin
PATH: /usr/local/arm/arm-eabi-4.6/bin
PATH: /usr/local/arm/arm-4.4.3/bin
PATH: /bin
PATH: /home/pyy/bin
PATH: /usr/lib/lightdm/lightdm
PATH: /usr/local/sbin
PATH: /usr/local/bin
PATH: /usr/sbin
PATH: /usr/bin
PATH: /sbin
PATH: /bin
PATH: /usr/games


## ----------- ##
## Core tests. ##
## ----------- ##

configure:2904: checking for a BSD-compatible install
configure:2972: result: /usr/bin/install -c
configure:2983: checking whether build environment is sane
configure:3020: result: yes
configure:3074: checking for gawk
configure:3104: result: no
configure:3074: checking for mawk
configure:3090: found /usr/bin/mawk
configure:3101: result: mawk
configure:3112: checking whether make sets $(MAKE)
configure:3134: result: yes
configure:3317: checking build system type
configure:3331: result: x86_64-unknown-linux-gnu
configure:3351: checking host system type
configure:3364: result: x86_64-unknown-linux-gnu
configure:3434: checking for gcc
configure:3450: found /usr/bin/gcc
configure:3461: result: gcc
configure:3690: checking for C compiler version
configure:3699: gcc --version >&5
gcc (Ubuntu/Linaro 4.4.7-1ubuntu2) 4.4.7
Copyright (C) 2010 Free Software Foundation, Inc.
This is free software; see the source for copying conditions.  There is NO
warranty; not even for MERCHANTABILITY or FITNESS FOR A PARTICULAR PURPOSE.

configure:3710: $? = 0
configure:3699: gcc -v >&5
Using built-in specs.
Target: x86_64-linux-gnu
Configured with: ../src/configure -v --with-pkgversion='Ubuntu/Linaro 4.4.7-1ubuntu2' --with-bugurl=file:///usr/share/doc/gcc-4.4/README.Bugs --enable-languages=c,c++,fortran,objc,obj-c++ --prefix=/usr --program-suffix=-4.4 --enable-shared --enable-linker-build-id --with-system-zlib --libexecdir=/usr/lib --without-included-gettext --enable-threads=posix --with-gxx-include-dir=/usr/include/c++/4.4 --libdir=/usr/lib --enable-nls --with-sysroot=/ --enable-clocale=gnu --enable-libstdcxx-debug --enable-objc-gc --disable-werror --with-arch-32=i686 --with-tune=generic --enable-checking=release --build=x86_64-linux-gnu --host=x86_64-linux-gnu --target=x86_64-linux-gnu
Thread model: posix
gcc version 4.4.7 (Ubuntu/Linaro 4.4.7-1ubuntu2) 
configure:3710: $? = 0
configure:3699: gcc -V >&5
gcc: '-V' option must have argument
configure:3710: $? = 1
configure:3699: gcc -qversion >&5
gcc: unrecognized option '-qversion'
gcc: no input files
configure:3710: $? = 1
configure:3730: checking whether the C compiler works
configure:3752: gcc    conftest.c  >&5
configure:3756: $? = 0
configure:3804: result: yes
configure:3807: checking for C compiler default output file name
configure:3809: result: a.out
configure:3815: checking for suffix of executables
configure:3822: gcc -o conftest    conftest.c  >&5
configure:3826: $? = 0
configure:3848: result: 
configure:3870: checking whether we are cross compiling
configure:3878: gcc -o conftest    conftest.c  >&5
configure:3882: $? = 0
configure:3889: ./conftest
configure:3893: $? = 0
configure:3908: result: no
configure:3913: checking for suffix of object files
configure:3935: gcc -c   conftest.c >&5
configure:3939: $? = 0
configure:3960: result: o
configure:3964: checking whether we are using the GNU C compiler
configure:3983: gcc -c   conftest.c >&5
configure:3983: $? = 0
configure:3992: result: yes
configure:4001: checking whether gcc accepts -g
configure:4021: gcc -c -g  conftest.c >&5
configure:4021: $? = 0
configure:4062: result: yes
configure:4079: checking for gcc option to accept ISO C89
configure:4143: gcc  -c -g -O2  conftest.c >&5
configure:4143: $? = 0
configure:4156: result: none needed
configure:4187: checking for style of include used by make
configure:4215: result: GNU
configure:4243: checking dependency style of gcc
configure:4326: result: gcc3
configure:4438: checking for a sed that does not truncate output
configure:4492: result: /bin/sed
configure:4495: checking for grep that handles long lines and -e
configure:4553: result: /bin/grep
configure:4558: checking for egrep
configure:4620: result: /bin/grep -E
configure:4636: checking for ld used by gcc
configure:4703: result: /usr/bin/ld
configure:4710: checking if the linker (/usr/bin/ld) is GNU ld
configure:4725: result: yes
configure:4730: checking for /usr/bin/ld option to reload object files
configure:4737: result: -r
configure:4746: checking for BSD-compatible nm
configure:4788: result: /usr/bin/nm -B
configure:4792: checking whether ln -s works
configure:4796: result: yes
configure:4803: checking how to recognise dependent libraries
configure:4977: result: pass_all
configure:5062: gcc -c -g -O2  conftest.c >&5
configure:5065: $? = 0
configure:5163: checking how to run the C preprocessor
configure:5194: gcc -E  conftest.c
configure:5194: $? = 0
configure:5208: gcc -E  conftest.c
conftest.c:11: fatal error: ac_nonexistent.h: No such file or directory
compilation terminated.
configure:5208: $? = 1
configure: failed program was:
| /* confdefs.h */
| #define PACKAGE_NAME "MPEG Audio Decoder"
| #define PACKAGE_TARNAME "libmad"
| #define PACKAGE_VERSION "0.15.1b"
| #define PACKAGE_STRING "MPEG Audio Decoder 0.15.1b"
| #define PACKAGE_BUGREPORT "support@underbit.com"
| #define PACKAGE_URL ""
| #define PACKAGE "libmad"
| #define VERSION "0.15.1b"
| /* end confdefs.h.  */
| #include <ac_nonexistent.h>
configure:5233: result: gcc -E
configure:5253: gcc -E  conftest.c
configure:5253: $? = 0
configure:5267: gcc -E  conftest.c
conftest.c:11: fatal error: ac_nonexistent.h: No such file or directory
compilation terminated.
configure:5267: $? = 1
configure: failed program was:
| /* confdefs.h */
| #define PACKAGE_NAME "MPEG Audio Decoder"
| #define PACKAGE_TARNAME "libmad"
| #define PACKAGE_VERSION "0.15.1b"
| #define PACKAGE_STRING "MPEG Audio Decoder 0.15.1b"
| #define PACKAGE_BUGREPORT "support@underbit.com"
| #define PACKAGE_URL ""
| #define PACKAGE "libmad"
| #define VERSION "0.15.1b"
| /* end confdefs.h.  */
| #include <ac_nonexistent.h>
configure:5296: checking for ANSI C header files
configure:5316: gcc -c -g -O2  conftest.c >&5
configure:5316: $? = 0
configure:5389: gcc -o conftest -g -O2   conftest.c  >&5
configure:5389: $? = 0
configure:5389: ./conftest
configure:5389: $? = 0
configure:5400: result: yes
configure:5413: checking for sys/types.h
configure:5413: gcc -c -g -O2  conftest.c >&5
configure:5413: $? = 0
configure:5413: result: yes
configure:5413: checking for sys/stat.h
configure:5413: gcc -c -g -O2  conftest.c >&5
configure:5413: $? = 0
configure:5413: result: yes
configure:5413: checking for stdlib.h
configure:5413: gcc -c -g -O2  conftest.c >&5
configure:5413: $? = 0
configure:5413: result: yes
configure:5413: checking for string.h
configure:5413: gcc -c -g -O2  conftest.c >&5
configure:5413: $? = 0
configure:5413: result: yes
configure:5413: checking for memory.h
configure:5413: gcc -c -g -O2  conftest.c >&5
configure:5413: $? = 0
configure:5413: result: yes
configure:5413: checking for strings.h
configure:5413: gcc -c -g -O2  conftest.c >&5
configure:5413: $? = 0
configure:5413: result: yes
configure:5413: checking for inttypes.h
configure:5413: gcc -c -g -O2  conftest.c >&5
configure:5413: $? = 0
configure:5413: result: yes
configure:5413: checking for stdint.h
configure:5413: gcc -c -g -O2  conftest.c >&5
configure:5413: $? = 0
configure:5413: result: yes
configure:5413: checking for unistd.h
configure:5413: gcc -c -g -O2  conftest.c >&5
configure:5413: $? = 0
configure:5413: result: yes
configure:5427: checking dlfcn.h usability
configure:5427: gcc -c -g -O2  conftest.c >&5
configure:5427: $? = 0
configure:5427: result: yes
configure:5427: checking dlfcn.h presence
configure:5427: gcc -E  conftest.c
configure:5427: $? = 0
configure:5427: result: yes
configure:5427: checking for dlfcn.h
configure:5427: result: yes
configure:5495: checking for g++
configure:5511: found /usr/bin/g++
configure:5522: result: g++
configure:5549: checking for C++ compiler version
configure:5558: g++ --version >&5
g++ (Ubuntu/Linaro 4.4.7-1ubuntu2) 4.4.7
Copyright (C) 2010 Free Software Foundation, Inc.
This is free software; see the source for copying conditions.  There is NO
warranty; not even for MERCHANTABILITY or FITNESS FOR A PARTICULAR PURPOSE.

configure:5569: $? = 0
configure:5558: g++ -v >&5
Using built-in specs.
Target: x86_64-linux-gnu
Configured with: ../src/configure -v --with-pkgversion='Ubuntu/Linaro 4.4.7-1ubuntu2' --with-bugurl=file:///usr/share/doc/gcc-4.4/README.Bugs --enable-languages=c,c++,fortran,objc,obj-c++ --prefix=/usr --program-suffix=-4.4 --enable-shared --enable-linker-build-id --with-system-zlib --libexecdir=/usr/lib --without-included-gettext --enable-threads=posix --with-gxx-include-dir=/usr/include/c++/4.4 --libdir=/usr/lib --enable-nls --with-sysroot=/ --enable-clocale=gnu --enable-libstdcxx-debug --enable-objc-gc --disable-werror --with-arch-32=i686 --with-tune=generic --enable-checking=release --build=x86_64-linux-gnu --host=x86_64-linux-gnu --target=x86_64-linux-gnu
Thread model: posix
gcc version 4.4.7 (Ubuntu/Linaro 4.4.7-1ubuntu2) 
configure:5569: $? = 0
configure:5558: g++ -V >&5
g++: '-V' option must have argument
configure:5569: $? = 1
configure:5558: g++ -qversion >&5
g++: unrecognized option '-qversion'
g++: no input files
configure:5569: $? = 1
configure:5573: checking whether we are using the GNU C++ compiler
configure:5592: g++ -c   conftest.cpp >&5
configure:5592: $? = 0
configure:5601: result: yes
configure:5610: checking whether g++ accepts -g
configure:5630: g++ -c -g  conftest.cpp >&5
configure:5630: $? = 0
configure:5671: result: yes
configure:5696: checking dependency style of g++
configure:5779: result: gcc3
configure:5801: checking how to run the C++ preprocessor
configure:5828: g++ -E  conftest.cpp
configure:5828: $? = 0
configure:5842: g++ -E  conftest.cpp
conftest.cpp:22: fatal error: ac_nonexistent.h: No such file or directory
compilation terminated.
configure:5842: $? = 1
configure: failed program was:
| /* confdefs.h */
| #define PACKAGE_NAME "MPEG Audio Decoder"
| #define PACKAGE_TARNAME "libmad"
| #define PACKAGE_VERSION "0.15.1b"
| #define PACKAGE_STRING "MPEG Audio Decoder 0.15.1b"
| #define PACKAGE_BUGREPORT "support@underbit.com"
| #define PACKAGE_URL ""
| #define PACKAGE "libmad"
| #define VERSION "0.15.1b"
| #define STDC_HEADERS 1
| #define HAVE_SYS_TYPES_H 1
| #define HAVE_SYS_STAT_H 1
| #define HAVE_STDLIB_H 1
| #define HAVE_STRING_H 1
| #define HAVE_MEMORY_H 1
| #define HAVE_STRINGS_H 1
| #define HAVE_INTTYPES_H 1
| #define HAVE_STDINT_H 1
| #define HAVE_UNISTD_H 1
| #define HAVE_DLFCN_H 1
| /* end confdefs.h.  */
| #include <ac_nonexistent.h>
configure:5867: result: g++ -E
configure:5887: g++ -E  conftest.cpp
configure:5887: $? = 0
configure:5901: g++ -E  conftest.cpp
conftest.cpp:22: fatal error: ac_nonexistent.h: No such file or directory
compilation terminated.
configure:5901: $? = 1
configure: failed program was:
| /* confdefs.h */
| #define PACKAGE_NAME "MPEG Audio Decoder"
| #define PACKAGE_TARNAME "libmad"
| #define PACKAGE_VERSION "0.15.1b"
| #define PACKAGE_STRING "MPEG Audio Decoder 0.15.1b"
| #define PACKAGE_BUGREPORT "support@underbit.com"
| #define PACKAGE_URL ""
| #define PACKAGE "libmad"
| #define VERSION "0.15.1b"
| #define STDC_HEADERS 1
| #define HAVE_SYS_TYPES_H 1
| #define HAVE_SYS_STAT_H 1
| #define HAVE_STDLIB_H 1
| #define HAVE_STRING_H 1
| #define HAVE_MEMORY_H 1
| #define HAVE_STRINGS_H 1
| #define HAVE_INTTYPES_H 1
| #define HAVE_STDINT_H 1
| #define HAVE_UNISTD_H 1
| #define HAVE_DLFCN_H 1
| /* end confdefs.h.  */
| #include <ac_nonexistent.h>
configure:5983: checking for g77
configure:6013: result: no
configure:5983: checking for xlf
configure:6013: result: no
configure:5983: checking for f77
configure:6013: result: no
configure:5983: checking for frt
configure:6013: result: no
configure:5983: checking for pgf77
configure:6013: result: no
configure:5983: checking for cf77
configure:6013: result: no
configure:5983: checking for fort77
configure:6013: result: no
configure:5983: checking for fl32
configure:6013: result: no
configure:5983: checking for af77
configure:6013: result: no
configure:5983: checking for xlf90
configure:6013: result: no
configure:5983: checking for f90
configure:6013: result: no
configure:5983: checking for pgf90
configure:6013: result: no
configure:5983: checking for pghpf
configure:6013: result: no
configure:5983: checking for epcf90
configure:6013: result: no
configure:5983: checking for gfortran
configure:6013: result: no
configure:5983: checking for g95
configure:6013: result: no
configure:5983: checking for xlf95
configure:6013: result: no
configure:5983: checking for f95
configure:6013: result: no
configure:5983: checking for fort
configure:6013: result: no
configure:5983: checking for ifort
configure:6013: result: no
configure:5983: checking for ifc
configure:6013: result: no
configure:5983: checking for efc
configure:6013: result: no
configure:5983: checking for pgfortran
configure:6013: result: no
configure:5983: checking for pgf95
configure:6013: result: no
configure:5983: checking for lf95
configure:6013: result: no
configure:5983: checking for ftn
configure:6013: result: no
configure:6036: checking for Fortran 77 compiler version
configure:6045:  --version >&5
./configure: line 6047: --version: command not found
configure:6056: $? = 127
configure:6045:  -v >&5
./configure: line 6047: -v: command not found
configure:6056: $? = 127
configure:6045:  -V >&5
./configure: line 6047: -V: command not found
configure:6056: $? = 127
configure:6045:  -qversion >&5
./configure: line 6047: -qversion: command not found
configure:6056: $? = 127
configure:6065: checking whether we are using the GNU Fortran 77 compiler
configure:6078:  -c  conftest.F >&5
./configure: line 2203: -c: command not found
configure:6078: $? = 127
configure: failed program was:
|       program main
| #ifndef __GNUC__
|        choke me
| #endif
| 
|       end
configure:6087: result: no
configure:6093: checking whether  accepts -g
configure:6104:  -c -g conftest.f >&5
./configure: line 2203: -c: command not found
configure:6104: $? = 127
configure: failed program was:
|       program main
| 
|       end
configure:6112: result: no
configure:6146: checking the maximum length of command line arguments
configure:6211: result: 32768
configure:6222: checking command to parse /usr/bin/nm -B output from gcc object
configure:6311: gcc -c -g -O2  conftest.c >&5
configure:6314: $? = 0
configure:6318: /usr/bin/nm -B conftest.o \| sed -n -e 's/^.*[ 	]\([ABCDGIRSTW][ABCDGIRSTW]*\)[ 	][ 	]*\(\)\([_A-Za-z][_A-Za-z0-9]*\)$/\1 \2\3 \3/p' \> conftest.nm
configure:6321: $? = 0
configure:6373: gcc -o conftest -g -O2   conftest.c conftstm.o >&5
configure:6376: $? = 0
configure:6414: result: ok
configure:6418: checking for objdir
configure:6433: result: .libs
configure:6525: checking for ar
configure:6541: found /usr/bin/ar
configure:6552: result: ar
configure:6617: checking for ranlib
configure:6633: found /usr/bin/ranlib
configure:6644: result: ranlib
configure:6709: checking for strip
configure:6725: found /usr/bin/strip
configure:6736: result: strip
configure:7008: checking if gcc static flag  works
configure:7031: result: yes
configure:7049: checking if gcc supports -fno-rtti -fno-exceptions
configure:7067: gcc -c -g -O2  -fno-rtti -fno-exceptions conftest.c >&5
cc1: warning: command line option "-fno-rtti" is valid for C++/ObjC++ but not for C
configure:7071: $? = 0
configure:7082: result: no
configure:7097: checking for gcc option to produce PIC
configure:7274: result: -fPIC
configure:7282: checking if gcc PIC flag -fPIC works
configure:7300: gcc -c -g -O2  -fPIC -DPIC conftest.c >&5
configure:7304: $? = 0
configure:7315: result: yes
configure:7339: checking if gcc supports -c -o file.o
configure:7360: gcc -c -g -O2  -o out/conftest2.o conftest.c >&5
configure:7364: $? = 0
configure:7384: result: yes
configure:7410: checking whether the gcc linker (/usr/bin/ld -m elf_x86_64) supports shared libraries
configure:8200: result: yes
configure:8226: checking whether -lc should be explicitly linked in
configure:8231: gcc -c -g -O2  conftest.c >&5
configure:8234: $? = 0
configure:8248: gcc -shared conftest.o  -v -Wl,-soname -Wl,conftest -o conftest 2\>\&1 \| grep  -lc  \>/dev/null 2\>\&1
configure:8251: $? = 0
configure:8263: result: no
configure:8271: checking dynamic linker characteristics
configure:8811: result: GNU/Linux ld.so
configure:8815: checking how to hardcode library paths into programs
configure:8840: result: immediate
configure:8854: checking whether stripping libraries is possible
configure:8859: result: yes
configure:9371: checking if libtool supports shared libraries
configure:9373: result: yes
configure:9376: checking whether to build shared libraries
configure:9434: result: yes
configure:9437: checking whether to build static libraries
configure:9441: result: yes
configure:9533: creating libtool
configure:10076: checking for ld used by g++
configure:10143: result: /usr/bin/ld -m elf_x86_64
configure:10150: checking if the linker (/usr/bin/ld -m elf_x86_64) is GNU ld
configure:10165: result: yes
configure:10216: checking whether the g++ linker (/usr/bin/ld -m elf_x86_64) supports shared libraries
configure:10986: result: yes
configure:11004: g++ -c -g -O2  conftest.cc >&5
configure:11007: $? = 0
configure:11103: checking for g++ option to produce PIC
configure:11355: result: -fPIC
configure:11363: checking if g++ PIC flag -fPIC works
configure:11381: g++ -c -g -O2  -fPIC -DPIC conftest.cc >&5
configure:11385: $? = 0
configure:11396: result: yes
configure:11420: checking if g++ supports -c -o file.o
configure:11441: g++ -c -g -O2  -o out/conftest2.o conftest.cc >&5
configure:11445: $? = 0
configure:11465: result: yes
configure:11491: checking whether the g++ linker (/usr/bin/ld -m elf_x86_64) supports shared libraries
configure:11516: result: yes
configure:11587: checking dynamic linker characteristics
configure:12127: result: GNU/Linux ld.so
configure:12131: checking how to hardcode library paths into programs
configure:12156: result: immediate
configure:12170: checking whether stripping libraries is possible
configure:12175: result: yes
configure:18801: checking for ANSI C header files
configure:18905: result: yes
configure:18913: checking for sys/wait.h that is POSIX.1 compatible
configure:18939: gcc -c -Wall  conftest.c >&5
configure:18939: $? = 0
configure:18946: result: yes
configure:18957: checking assert.h usability
configure:18957: gcc -c -Wall  conftest.c >&5
configure:18957: $? = 0
configure:18957: result: yes
configure:18957: checking assert.h presence
configure:18957: gcc -E  conftest.c
configure:18957: $? = 0
configure:18957: result: yes
configure:18957: checking for assert.h
configure:18957: result: yes
configure:18957: checking limits.h usability
configure:18957: gcc -c -Wall  conftest.c >&5
configure:18957: $? = 0
configure:18957: result: yes
configure:18957: checking limits.h presence
configure:18957: gcc -E  conftest.c
configure:18957: $? = 0
configure:18957: result: yes
configure:18957: checking for limits.h
configure:18957: result: yes
configure:18957: checking for unistd.h
configure:18957: result: yes
configure:18957: checking for sys/types.h
configure:18957: result: yes
configure:18957: checking fcntl.h usability
configure:18957: gcc -c -Wall  conftest.c >&5
configure:18957: $? = 0
configure:18957: result: yes
configure:18957: checking fcntl.h presence
configure:18957: gcc -E  conftest.c
configure:18957: $? = 0
configure:18957: result: yes
configure:18957: checking for fcntl.h
configure:18957: result: yes
configure:18957: checking errno.h usability
configure:18957: gcc -c -Wall  conftest.c >&5
configure:18957: $? = 0
configure:18957: result: yes
configure:18957: checking errno.h presence
configure:18957: gcc -E  conftest.c
configure:18957: $? = 0
configure:18957: result: yes
configure:18957: checking for errno.h
configure:18957: result: yes
configure:18969: checking for an ANSI C-conforming const
configure:19034: gcc -c -Wall  conftest.c >&5
conftest.c: In function 'main':
conftest.c:59: warning: 't' is used uninitialized in this function
conftest.c:75: warning: 'b' may be used uninitialized in this function
configure:19034: $? = 0
configure:19041: result: yes
configure:19049: checking for inline
configure:19065: gcc -c -Wall  conftest.c >&5
configure:19065: $? = 0
configure:19073: result: inline
configure:19091: checking whether byte ordering is bigendian
configure:19106: gcc -c -Wall  conftest.c >&5
conftest.c:31: error: expected '=', ',', ';', 'asm' or '__attribute__' before 'a'
configure:19106: $? = 1
configure: failed program was:
| /* confdefs.h */
| #define PACKAGE_NAME "MPEG Audio Decoder"
| #define PACKAGE_TARNAME "libmad"
| #define PACKAGE_VERSION "0.15.1b"
| #define PACKAGE_STRING "MPEG Audio Decoder 0.15.1b"
| #define PACKAGE_BUGREPORT "support@underbit.com"
| #define PACKAGE_URL ""
| #define PACKAGE "libmad"
| #define VERSION "0.15.1b"
| #define STDC_HEADERS 1
| #define HAVE_SYS_TYPES_H 1
| #define HAVE_SYS_STAT_H 1
| #define HAVE_STDLIB_H 1
| #define HAVE_STRING_H 1
| #define HAVE_MEMORY_H 1
| #define HAVE_STRINGS_H 1
| #define HAVE_INTTYPES_H 1
| #define HAVE_STDINT_H 1
| #define HAVE_UNISTD_H 1
| #define HAVE_DLFCN_H 1
| #define STDC_HEADERS 1
| #define HAVE_SYS_WAIT_H 1
| #define HAVE_ASSERT_H 1
| #define HAVE_LIMITS_H 1
| #define HAVE_UNISTD_H 1
| #define HAVE_SYS_TYPES_H 1
| #define HAVE_FCNTL_H 1
| #define HAVE_ERRNO_H 1
| /* end confdefs.h.  */
| #ifndef __APPLE_CC__
| 	       not a universal capable compiler
| 	     #endif
| 	     typedef int dummy;
| 
configure:19151: gcc -c -Wall  conftest.c >&5
configure:19151: $? = 0
configure:19169: gcc -c -Wall  conftest.c >&5
conftest.c: In function 'main':
conftest.c:37: error: 'not' undeclared (first use in this function)
conftest.c:37: error: (Each undeclared identifier is reported only once
conftest.c:37: error: for each function it appears in.)
conftest.c:37: error: expected ';' before 'big'
configure:19169: $? = 1
configure: failed program was:
| /* confdefs.h */
| #define PACKAGE_NAME "MPEG Audio Decoder"
| #define PACKAGE_TARNAME "libmad"
| #define PACKAGE_VERSION "0.15.1b"
| #define PACKAGE_STRING "MPEG Audio Decoder 0.15.1b"
| #define PACKAGE_BUGREPORT "support@underbit.com"
| #define PACKAGE_URL ""
| #define PACKAGE "libmad"
| #define VERSION "0.15.1b"
| #define STDC_HEADERS 1
| #define HAVE_SYS_TYPES_H 1
| #define HAVE_SYS_STAT_H 1
| #define HAVE_STDLIB_H 1
| #define HAVE_STRING_H 1
| #define HAVE_MEMORY_H 1
| #define HAVE_STRINGS_H 1
| #define HAVE_INTTYPES_H 1
| #define HAVE_STDINT_H 1
| #define HAVE_UNISTD_H 1
| #define HAVE_DLFCN_H 1
| #define STDC_HEADERS 1
| #define HAVE_SYS_WAIT_H 1
| #define HAVE_ASSERT_H 1
| #define HAVE_LIMITS_H 1
| #define HAVE_UNISTD_H 1
| #define HAVE_SYS_TYPES_H 1
| #define HAVE_FCNTL_H 1
| #define HAVE_ERRNO_H 1
| /* end confdefs.h.  */
| #include <sys/types.h>
| 		#include <sys/param.h>
| 
| int
| main ()
| {
| #if BYTE_ORDER != BIG_ENDIAN
| 		 not big endian
| 		#endif
| 
|   ;
|   return 0;
| }
configure:19297: result: no
configure:19315: checking for pid_t
configure:19315: gcc -c -Wall  conftest.c >&5
configure:19315: $? = 0
configure:19315: gcc -c -Wall  conftest.c >&5
conftest.c: In function 'main':
conftest.c:66: error: expected expression before ')' token
configure:19315: $? = 1
configure: failed program was:
| /* confdefs.h */
| #define PACKAGE_NAME "MPEG Audio Decoder"
| #define PACKAGE_TARNAME "libmad"
| #define PACKAGE_VERSION "0.15.1b"
| #define PACKAGE_STRING "MPEG Audio Decoder 0.15.1b"
| #define PACKAGE_BUGREPORT "support@underbit.com"
| #define PACKAGE_URL ""
| #define PACKAGE "libmad"
| #define VERSION "0.15.1b"
| #define STDC_HEADERS 1
| #define HAVE_SYS_TYPES_H 1
| #define HAVE_SYS_STAT_H 1
| #define HAVE_STDLIB_H 1
| #define HAVE_STRING_H 1
| #define HAVE_MEMORY_H 1
| #define HAVE_STRINGS_H 1
| #define HAVE_INTTYPES_H 1
| #define HAVE_STDINT_H 1
| #define HAVE_UNISTD_H 1
| #define HAVE_DLFCN_H 1
| #define STDC_HEADERS 1
| #define HAVE_SYS_WAIT_H 1
| #define HAVE_ASSERT_H 1
| #define HAVE_LIMITS_H 1
| #define HAVE_UNISTD_H 1
| #define HAVE_SYS_TYPES_H 1
| #define HAVE_FCNTL_H 1
| #define HAVE_ERRNO_H 1
| /* end confdefs.h.  */
| #include <stdio.h>
| #ifdef HAVE_SYS_TYPES_H
| # include <sys/types.h>
| #endif
| #ifdef HAVE_SYS_STAT_H
| # include <sys/stat.h>
| #endif
| #ifdef STDC_HEADERS
| # include <stdlib.h>
| # include <stddef.h>
| #else
| # ifdef HAVE_STDLIB_H
| #  include <stdlib.h>
| # endif
| #endif
| #ifdef HAVE_STRING_H
| # if !defined STDC_HEADERS && defined HAVE_MEMORY_H
| #  include <memory.h>
| # endif
| # include <string.h>
| #endif
| #ifdef HAVE_STRINGS_H
| # include <strings.h>
| #endif
| #ifdef HAVE_INTTYPES_H
| # include <inttypes.h>
| #endif
| #ifdef HAVE_STDINT_H
| # include <stdint.h>
| #endif
| #ifdef HAVE_UNISTD_H
| # include <unistd.h>
| #endif
| int
| main ()
| {
| if (sizeof ((pid_t)))
| 	    return 0;
|   ;
|   return 0;
| }
configure:19315: result: yes
configure:19331: checking size of int
configure:19336: gcc -o conftest -Wall   conftest.c  >&5
configure:19336: $? = 0
configure:19336: ./conftest
configure:19336: $? = 0
configure:19350: result: 4
configure:19364: checking size of long
configure:19369: gcc -o conftest -Wall   conftest.c  >&5
configure:19369: $? = 0
configure:19369: ./conftest
configure:19369: $? = 0
configure:19383: result: 8
configure:19397: checking size of long long
configure:19402: gcc -o conftest -Wall   conftest.c  >&5
configure:19402: $? = 0
configure:19402: ./conftest
configure:19402: $? = 0
configure:19416: result: 8
configure:19431: checking for waitpid
configure:19431: gcc -o conftest -Wall   conftest.c  >&5
configure:19431: $? = 0
configure:19431: result: yes
configure:19431: checking for fcntl
configure:19431: gcc -o conftest -Wall   conftest.c  >&5
configure:19431: $? = 0
configure:19431: result: yes
configure:19431: checking for pipe
configure:19431: gcc -o conftest -Wall   conftest.c  >&5
configure:19431: $? = 0
configure:19431: result: yes
configure:19431: checking for fork
configure:19431: gcc -o conftest -Wall   conftest.c  >&5
conftest.c:59: warning: conflicting types for built-in function 'fork'
configure:19431: $? = 0
configure:19431: result: yes
configure:19533: checking whether to optimize for speed or for accuracy
configure:19571: result: default
configure:19579: checking for architecture-specific fixed-point math routines
configure:19616: result: DEFAULT
configure:19621: WARNING: default fixed-point math will yield limited accuracy
configure:19670: checking for ISO/IEC interpretation
configure:19686: result: best accepted practices
configure:19689: checking whether to enable profiling
configure:19700: result: no
configure:19703: checking whether to enable debugging
configure:19734: result: default
configure:19737: checking whether to enable experimental code
configure:19752: result: no
configure:19891: creating ./config.status

## ---------------- ##
## Cache variables. ##
## ---------------- ##

ac_cv_build=x86_64-unknown-linux-gnu
ac_cv_c_bigendian=no
ac_cv_c_compiler_gnu=yes
ac_cv_c_const=yes
ac_cv_c_inline=inline
ac_cv_cxx_compiler_gnu=yes
ac_cv_env_CCASFLAGS_set=
ac_cv_env_CCASFLAGS_value=
ac_cv_env_CCAS_set=
ac_cv_env_CCAS_value=
ac_cv_env_CCC_set=
ac_cv_env_CCC_value=
ac_cv_env_CC_set=
ac_cv_env_CC_value=
ac_cv_env_CFLAGS_set=
ac_cv_env_CFLAGS_value=
ac_cv_env_CPPFLAGS_set=
ac_cv_env_CPPFLAGS_value=
ac_cv_env_CPP_set=
ac_cv_env_CPP_value=
ac_cv_env_CXXCPP_set=
ac_cv_env_CXXCPP_value=
ac_cv_env_CXXFLAGS_set=
ac_cv_env_CXXFLAGS_value=
ac_cv_env_CXX_set=
ac_cv_env_CXX_value=
ac_cv_env_F77_set=
ac_cv_env_F77_value=
ac_cv_env_FFLAGS_set=
ac_cv_env_FFLAGS_value=
ac_cv_env_LDFLAGS_set=
ac_cv_env_LDFLAGS_value=
ac_cv_env_LIBS_set=
ac_cv_env_LIBS_value=
ac_cv_env_build_alias_set=
ac_cv_env_build_alias_value=
ac_cv_env_host_alias_set=
ac_cv_env_host_alias_value=
ac_cv_env_target_alias_set=
ac_cv_env_target_alias_value=
ac_cv_f77_compiler_gnu=no
ac_cv_func_fcntl=yes
ac_cv_func_fork=yes
ac_cv_func_pipe=yes
ac_cv_func_waitpid=yes
ac_cv_header_assert_h=yes
ac_cv_header_dlfcn_h=yes
ac_cv_header_errno_h=yes
ac_cv_header_fcntl_h=yes
ac_cv_header_inttypes_h=yes
ac_cv_header_limits_h=yes
ac_cv_header_memory_h=yes
ac_cv_header_stdc=yes
ac_cv_header_stdint_h=yes
ac_cv_header_stdlib_h=yes
ac_cv_header_string_h=yes
ac_cv_header_strings_h=yes
ac_cv_header_sys_stat_h=yes
ac_cv_header_sys_types_h=yes
ac_cv_header_sys_wait_h=yes
ac_cv_header_unistd_h=yes
ac_cv_host=x86_64-unknown-linux-gnu
ac_cv_objext=o
ac_cv_path_EGREP='/bin/grep -E'
ac_cv_path_GREP=/bin/grep
ac_cv_path_install='/usr/bin/install -c'
ac_cv_prog_AWK=mawk
ac_cv_prog_CPP='gcc -E'
ac_cv_prog_CXXCPP='g++ -E'
ac_cv_prog_ac_ct_AR=ar
ac_cv_prog_ac_ct_CC=gcc
ac_cv_prog_ac_ct_CXX=g++
ac_cv_prog_ac_ct_RANLIB=ranlib
ac_cv_prog_ac_ct_STRIP=strip
ac_cv_prog_cc_c89=
ac_cv_prog_cc_g=yes
ac_cv_prog_cxx_g=yes
ac_cv_prog_f77_g=no
ac_cv_prog_make_make_set=yes
ac_cv_sizeof_int=4
ac_cv_sizeof_long=8
ac_cv_sizeof_long_long=8
ac_cv_type_pid_t=yes
am_cv_CC_dependencies_compiler_type=gcc3
am_cv_CXX_dependencies_compiler_type=gcc3
lt_cv_deplibs_check_method=pass_all
lt_cv_file_magic_cmd='$MAGIC_CMD'
lt_cv_file_magic_test_file=
lt_cv_ld_reload_flag=-r
lt_cv_objdir=.libs
lt_cv_path_LD=/usr/bin/ld
lt_cv_path_LDCXX='/usr/bin/ld -m elf_x86_64'
lt_cv_path_NM='/usr/bin/nm -B'
lt_cv_path_SED=/bin/sed
lt_cv_prog_compiler_c_o=yes
lt_cv_prog_compiler_c_o_CXX=yes
lt_cv_prog_compiler_rtti_exceptions=no
lt_cv_prog_gnu_ld=yes
lt_cv_prog_gnu_ldcxx=yes
lt_cv_sys_global_symbol_pipe='sed -n -e '\''s/^.*[ 	]\([ABCDGIRSTW][ABCDGIRSTW]*\)[ 	][ 	]*\(\)\([_A-Za-z][_A-Za-z0-9]*\)$/\1 \2\3 \3/p'\'''
lt_cv_sys_global_symbol_to_c_name_address='sed -n -e '\''s/^: \([^ ]*\) $/  {\"\1\", (lt_ptr) 0},/p'\'' -e '\''s/^[BCDEGRST] \([^ ]*\) \([^ ]*\)$/  {"\2", (lt_ptr) \&\2},/p'\'''
lt_cv_sys_global_symbol_to_cdecl='sed -n -e '\''s/^. .* \(.*\)$/extern int \1;/p'\'''
lt_cv_sys_max_cmd_len=32768
lt_lt_cv_prog_compiler_c_o='"yes"'
lt_lt_cv_prog_compiler_c_o_CXX='"yes"'
lt_lt_cv_sys_global_symbol_pipe='"sed -n -e '\''s/^.*[ 	]\\([ABCDGIRSTW][ABCDGIRSTW]*\\)[ 	][ 	]*\\(\\)\\([_A-Za-z][_A-Za-z0-9]*\\)\$/\\1 \\2\\3 \\3/p'\''"'
lt_lt_cv_sys_global_symbol_to_c_name_address='"sed -n -e '\''s/^: \\([^ ]*\\) \$/  {\\\"\\1\\\", (lt_ptr) 0},/p'\'' -e '\''s/^[BCDEGRST] \\([^ ]*\\) \\([^ ]*\\)\$/  {\"\\2\", (lt_ptr) \\&\\2},/p'\''"'
lt_lt_cv_sys_global_symbol_to_cdecl='"sed -n -e '\''s/^. .* \\(.*\\)\$/extern int \\1;/p'\''"'

## ----------------- ##
## Output variables. ##
## ----------------- ##

ACLOCAL='${SHELL} /media/1T/SourceCode/Sl0v3C/HTC_Work/Mem_work/Mem/tools/tinyplay_pyy/external-libmad/missing --run aclocal-1.8'
AMDEPBACKSLASH='\'
AMDEP_FALSE='#'
AMDEP_TRUE=''
AMTAR='${SHELL} /media/1T/SourceCode/Sl0v3C/HTC_Work/Mem_work/Mem/tools/tinyplay_pyy/external-libmad/missing --run tar'
AR='ar'
ASO=''
ASO_OBJS=''
AUTOCONF='${SHELL} /media/1T/SourceCode/Sl0v3C/HTC_Work/Mem_work/Mem/tools/tinyplay_pyy/external-libmad/missing --run autoconf'
AUTOHEADER='${SHELL} /media/1T/SourceCode/Sl0v3C/HTC_Work/Mem_work/Mem/tools/tinyplay_pyy/external-libmad/missing --run autoheader'
AUTOMAKE='${SHELL} /media/1T/SourceCode/Sl0v3C/HTC_Work/Mem_work/Mem/tools/tinyplay_pyy/external-libmad/missing --run automake-1.8'
AWK='mawk'
CC='gcc'
CCAS='gcc'
CCASFLAGS='-g -O2'
CCDEPMODE='depmode=gcc3'
CFLAGS='-Wall -g -O -fforce-mem -fforce-addr -fthread-jumps -fcse-follow-jumps -fcse-skip-blocks -fexpensive-optimizations -fregmove -fschedule-insns2'
CPP='gcc -E'
CPPFLAGS=''
CXX='g++'
CXXCPP='g++ -E'
CXXDEPMODE='depmode=gcc3'
CXXFLAGS='-g -O2'
CYGPATH_W='echo'
DEFS='-DHAVE_CONFIG_H'
DEPDIR='.deps'
ECHO='echo'
ECHO_C=''
ECHO_N='-n'
ECHO_T=''
EGREP='/bin/grep -E'
EXEEXT=''
F77=''
FFLAGS=''
FPM='-DFPM_DEFAULT'
GREP='/bin/grep'
INSTALL_DATA='${INSTALL} -m 644'
INSTALL_PROGRAM='${INSTALL}'
INSTALL_SCRIPT='${INSTALL}'
INSTALL_STRIP_PROGRAM='${SHELL} $(install_sh) -c -s'
LDFLAGS=''
LIBOBJS=''
LIBS=''
LIBTOOL='$(SHELL) $(top_builddir)/libtool'
LIBTOOL_DEPS='./ltmain.sh'
LN_S='ln -s'
LTLIBOBJS=''
MAKEINFO='${SHELL} /media/1T/SourceCode/Sl0v3C/HTC_Work/Mem_work/Mem/tools/tinyplay_pyy/external-libmad/missing --run makeinfo'
OBJEXT='o'
PACKAGE='libmad'
PACKAGE_BUGREPORT='support@underbit.com'
PACKAGE_NAME='MPEG Audio Decoder'
PACKAGE_STRING='MPEG Audio Decoder 0.15.1b'
PACKAGE_TARNAME='libmad'
PACKAGE_URL=''
PACKAGE_VERSION='0.15.1b'
PATH_SEPARATOR=':'
RANLIB='ranlib'
SET_MAKE=''
SHELL='/bin/sh'
STRIP='strip'
VERSION='0.15.1b'
ac_ct_CC='gcc'
ac_ct_CXX='g++'
ac_ct_F77=''
am__fastdepCC_FALSE='#'
am__fastdepCC_TRUE=''
am__fastdepCXX_FALSE='#'
am__fastdepCXX_TRUE=''
am__include='include'
am__leading_dot='.'
am__quote=''
bindir='${exec_prefix}/bin'
build='x86_64-unknown-linux-gnu'
build_alias=''
build_cpu='x86_64'
build_os='linux-gnu'
build_vendor='unknown'
datadir='${datarootdir}'
datarootdir='${prefix}/share'
docdir='${datarootdir}/doc/${PACKAGE_TARNAME}'
dvidir='${docdir}'
exec_prefix='${prefix}'
host='x86_64-unknown-linux-gnu'
host_alias=''
host_cpu='x86_64'
host_os='linux-gnu'
host_vendor='unknown'
htmldir='${docdir}'
includedir='${prefix}/include'
infodir='${datarootdir}/info'
install_sh='/media/1T/SourceCode/Sl0v3C/HTC_Work/Mem_work/Mem/tools/tinyplay_pyy/external-libmad/install-sh'
libdir='${exec_prefix}/lib'
libexecdir='${exec_prefix}/libexec'
localedir='${datarootdir}/locale'
localstatedir='${prefix}/var'
mandir='${datarootdir}/man'
mkdir_p='mkdir -p -- .'
oldincludedir='/usr/include'
pdfdir='${docdir}'
prefix='/usr/local'
program_transform_name='s,x,x,'
psdir='${docdir}'
sbindir='${exec_prefix}/sbin'
sharedstatedir='${prefix}/com'
sysconfdir='${prefix}/etc'
target_alias=''

## ----------- ##
## confdefs.h. ##
## ----------- ##

/* confdefs.h */
#define PACKAGE_NAME "MPEG Audio Decoder"
#define PACKAGE_TARNAME "libmad"
#define PACKAGE_VERSION "0.15.1b"
#define PACKAGE_STRING "MPEG Audio Decoder 0.15.1b"
#define PACKAGE_BUGREPORT "support@underbit.com"
#define PACKAGE_URL ""
#define PACKAGE "libmad"
#define VERSION "0.15.1b"
#define STDC_HEADERS 1
#define HAVE_SYS_TYPES_H 1
#define HAVE_SYS_STAT_H 1
#define HAVE_STDLIB_H 1
#define HAVE_STRING_H 1
#define HAVE_MEMORY_H 1
#define HAVE_STRINGS_H 1
#define HAVE_INTTYPES_H 1
#define HAVE_STDINT_H 1
#define HAVE_UNISTD_H 1
#define HAVE_DLFCN_H 1
#define STDC_HEADERS 1
#define HAVE_SYS_WAIT_H 1
#define HAVE_ASSERT_H 1
#define HAVE_LIMITS_H 1
#define HAVE_UNISTD_H 1
#define HAVE_SYS_TYPES_H 1
#define HAVE_FCNTL_H 1
#define HAVE_ERRNO_H 1
#define SIZEOF_INT 4
#define SIZEOF_LONG 8
#define SIZEOF_LONG_LONG 8
#define HAVE_WAITPID 1
#define HAVE_FCNTL 1
#define HAVE_PIPE 1
#define HAVE_FORK 1

configure: exit 0

## ---------------------- ##
## Running config.status. ##
## ---------------------- ##

This file was extended by MPEG Audio Decoder config.status 0.15.1b, which was
generated by GNU Autoconf 2.68.  Invocation command line was

  CONFIG_FILES    = 
  CONFIG_HEADERS  = 
  CONFIG_LINKS    = 
  CONFIG_COMMANDS = 
  $ ./config.status 

on pyy-M81

config.status:899: creating Makefile
config.status:1002: WARNING:  'Makefile.in' seems to ignore the --datarootdir setting
config.status:899: creating msvc++/Makefile
config.status:1002: WARNING:  'msvc++/Makefile.in' seems to ignore the --datarootdir setting
config.status:899: creating libmad.list
config.status:899: creating config.h
config.status:1121: executing depfiles commands
